<?xml version="1.0" encoding="UTF-8"?>
<!-- Generated by org.testng.reporters.JUnitXMLReporter -->
<testsuite hostname="LAPTOP-AMA7L6BO" name="ChromeTests" tests="3" failures="1" timestamp="15 Dec 2016 22:49:04 GMT" time="54.282" errors="0">
  <testcase name="TA110" time="4.503" classname="com.hotelsTest.hotels.comTest.PackageAndFlightTest"/>
  <testcase name="TA111" time="14.258" classname="com.hotelsTest.hotels.comTest.PackageAndFlightTest"/>
  <testcase name="TA130" time="9.04" classname="com.hotelsTest.hotels.comTest.PackageAndFlightTest">
    <failure type="java.lang.IndexOutOfBoundsException" message="Index: 0, Size: 0">
      <![CDATA[java.lang.IndexOutOfBoundsException: Index: 0, Size: 0
	at java.util.ArrayList.rangeCheck(ArrayList.java:653)
	at java.util.ArrayList.get(ArrayList.java:429)
	at generalActions.CommonActions.autoComplete(CommonActions.java:23)
	at pages.PackagesAndFlights.flightTo(PackagesAndFlights.java:58)
	at com.hotelsTest.hotels.comTest.PackageAndFlightTest.TA130(PackageAndFlightTest.java:57)
... Removed 25 stack frames]]>
    </failure>
  </testcase> <!-- TA130 -->
</testsuite> <!-- ChromeTests -->
