<?xml version="1.0" encoding="UTF-8"?>
<testng-results skipped="0" failed="0" total="1" passed="1">
  <reporter-output>
  </reporter-output>
  <suite name="Default suite" duration-ms="34246" started-at="2016-11-29T19:07:21Z" finished-at="2016-11-29T19:07:55Z">
    <groups>
    </groups>
    <test name="Default test" duration-ms="34246" started-at="2016-11-29T19:07:21Z" finished-at="2016-11-29T19:07:55Z">
      <class name="technosoft.hotels.hotels.com.App">
        <test-method status="PASS" signature="chooseDriver()[pri:0, instance:technosoft.hotels.hotels.com.App@74ea46e2]" name="chooseDriver" is-config="true" duration-ms="3553" started-at="2016-11-29T14:07:21Z" finished-at="2016-11-29T14:07:24Z">
          <reporter-output>
          </reporter-output>
        </test-method> <!-- chooseDriver -->
        <test-method status="PASS" signature="gotoHome()[pri:0, instance:technosoft.hotels.hotels.com.App@74ea46e2]" name="gotoHome" duration-ms="30493" started-at="2016-11-29T14:07:24Z" finished-at="2016-11-29T14:07:55Z">
          <reporter-output>
          </reporter-output>
        </test-method> <!-- gotoHome -->
      </class> <!-- technosoft.hotels.hotels.com.App -->
    </test> <!-- Default test -->
  </suite> <!-- Default suite -->
</testng-results>
